<?xml version="1.0" encoding="UTF-8"?>
<coverage generated="1740619961638" clover="3.2.0">
  <project timestamp="1740619961638" name="All files">
    <metrics statements="16" coveredstatements="3" conditionals="4" coveredconditionals="0" methods="5" coveredmethods="0" elements="25" coveredelements="3" complexity="0" loc="16" ncloc="16" packages="1" files="1" classes="1"/>
    <file name="data-reader.js" path="E:\Independent Research\Yo I'll Solve It\Expert-User-Interfaces-for-Domain-Specialist-Access-to-Algorithmic-Solutions\src\data\io\data-reader.js">
      <metrics statements="16" coveredstatements="3" conditionals="4" coveredconditionals="0" methods="5" coveredmethods="0"/>
      <line num="1" count="1" type="stmt"/>
      <line num="2" count="1" type="stmt"/>
      <line num="3" count="1" type="stmt"/>
      <line num="7" count="0" type="stmt"/>
      <line num="8" count="0" type="stmt"/>
      <line num="9" count="0" type="stmt"/>
      <line num="13" count="0" type="stmt"/>
      <line num="17" count="0" type="cond" truecount="0" falsecount="4"/>
      <line num="18" count="0" type="stmt"/>
      <line num="20" count="0" type="stmt"/>
      <line num="24" count="0" type="stmt"/>
      <line num="25" count="0" type="stmt"/>
      <line num="26" count="0" type="stmt"/>
      <line num="30" count="0" type="stmt"/>
      <line num="32" count="0" type="stmt"/>
      <line num="37" count="0" type="stmt"/>
    </file>
  </project>
</coverage>
